Flow report for Controler
Sun Feb 07 22:01:08 2021
Quartus II 64-Bit Version 13.1.0 Build 162 10/23/2013 SJ Full Version


---------------------
; Table of Contents ;
---------------------
  1. Legal Notice
  2. Flow Summary
  3. Flow Settings
  4. Flow Non-Default Global Settings
  5. Flow Elapsed Time
  6. Flow OS Summary
  7. Flow Log
  8. Flow Messages
  9. Flow Suppressed Messages



----------------
; Legal Notice ;
----------------
Copyright (C) 1991-2013 Altera Corporation
Your use of Altera Corporation's design tools, logic functions 
and other software and tools, and its AMPP partner logic 
functions, and any output files from any of the foregoing 
(including device programming or simulation files), and any 
associated documentation or information are expressly subject 
to the terms and conditions of the Altera Program License 
Subscription Agreement, Altera MegaCore Function License 
Agreement, or other applicable license agreement, including, 
without limitation, that your use is for the sole purpose of 
programming logic devices manufactured by Altera and sold by 
Altera or its authorized distributors.  Please refer to the 
applicable agreement for further details.



+----------------------------------------------------------------------------------+
; Flow Summary                                                                     ;
+------------------------------------+---------------------------------------------+
; Flow Status                        ; Successful - Sun Feb 07 22:01:08 2021       ;
; Quartus II 64-Bit Version          ; 13.1.0 Build 162 10/23/2013 SJ Full Version ;
; Revision Name                      ; Controler                                   ;
; Top-level Entity Name              ; Communication                               ;
; Family                             ; Cyclone III                                 ;
; Device                             ; EP3C16Q240C8                                ;
; Timing Models                      ; Final                                       ;
; Total logic elements               ; 1,536 / 15,408 ( 10 % )                     ;
;     Total combinational functions  ; 950 / 15,408 ( 6 % )                        ;
;     Dedicated logic registers      ; 1,279 / 15,408 ( 8 % )                      ;
; Total registers                    ; 1279                                        ;
; Total pins                         ; 65 / 161 ( 40 % )                           ;
; Total virtual pins                 ; 0                                           ;
; Total memory bits                  ; 37,888 / 516,096 ( 7 % )                    ;
; Embedded Multiplier 9-bit elements ; 0 / 112 ( 0 % )                             ;
; Total PLLs                         ; 1 / 4 ( 25 % )                              ;
+------------------------------------+---------------------------------------------+


+-----------------------------------------+
; Flow Settings                           ;
+-------------------+---------------------+
; Option            ; Setting             ;
+-------------------+---------------------+
; Start date & time ; 02/07/2021 22:00:45 ;
; Main task         ; Compilation         ;
; Revision Name     ; Controler           ;
+-------------------+---------------------+


+------------------------------------------------------------------------------------------------------------------------------------------------------------------------------------------------------------------------------------------------------+
; Flow Non-Default Global Settings                                                                                                                                                                                                                     ;
+--------------------------------------+------------------------------------------------------------------------------------------------------------------------------------------------------------+---------------+---------------+------------------+
; Assignment Name                      ; Value                                                                                                                                                      ; Default Value ; Entity Name   ; Section Id       ;
+--------------------------------------+------------------------------------------------------------------------------------------------------------------------------------------------------------+---------------+---------------+------------------+
; COMPILER_SIGNATURE_ID                ; 92384135460707.161270644502400                                                                                                                             ; --            ; --            ; --               ;
; EDA_DESIGN_INSTANCE_NAME             ; NA                                                                                                                                                         ; --            ; --            ; TB               ;
; EDA_NATIVELINK_SIMULATION_TEST_BENCH ; TB                                                                                                                                                         ; --            ; --            ; eda_simulation   ;
; EDA_OUTPUT_DATA_FORMAT               ; Verilog Hdl                                                                                                                                                ; --            ; --            ; eda_simulation   ;
; EDA_SIMULATION_TOOL                  ; ModelSim (Verilog)                                                                                                                                         ; <None>        ; --            ; --               ;
; EDA_TEST_BENCH_ENABLE_STATUS         ; TEST_BENCH_MODE                                                                                                                                            ; --            ; --            ; eda_simulation   ;
; EDA_TEST_BENCH_FILE                  ; sim/TB.v                                                                                                                                                   ; --            ; --            ; TB               ;
; EDA_TEST_BENCH_MODULE_NAME           ; TB                                                                                                                                                         ; --            ; --            ; TB               ;
; EDA_TEST_BENCH_NAME                  ; TB                                                                                                                                                         ; --            ; --            ; eda_simulation   ;
; EDA_TEST_BENCH_RUN_SIM_FOR           ; 100 us                                                                                                                                                     ; --            ; --            ; TB               ;
; EDA_TIME_SCALE                       ; 1 ps                                                                                                                                                       ; --            ; --            ; eda_simulation   ;
; ENABLE_SIGNALTAP                     ; On                                                                                                                                                         ; --            ; --            ; --               ;
; IP_TOOL_NAME                         ; ALTPLL                                                                                                                                                     ; --            ; --            ; --               ;
; IP_TOOL_VERSION                      ; 13.0                                                                                                                                                       ; --            ; --            ; --               ;
; MAX_CORE_JUNCTION_TEMP               ; 85                                                                                                                                                         ; --            ; --            ; --               ;
; MIN_CORE_JUNCTION_TEMP               ; 0                                                                                                                                                          ; --            ; --            ; --               ;
; MISC_FILE                            ; IP/PLL_inst.v                                                                                                                                              ; --            ; --            ; --               ;
; MISC_FILE                            ; IP/PLL_bb.v                                                                                                                                                ; --            ; --            ; --               ;
; MISC_FILE                            ; IP/PLL.ppf                                                                                                                                                 ; --            ; --            ; --               ;
; OUTPUT_IO_TIMING_FAR_END_VMEAS       ; Half Signal Swing                                                                                                                                          ; --            ; --            ; --               ;
; OUTPUT_IO_TIMING_FAR_END_VMEAS       ; Half Signal Swing                                                                                                                                          ; --            ; --            ; --               ;
; OUTPUT_IO_TIMING_NEAR_END_VMEAS      ; Half Vccio                                                                                                                                                 ; --            ; --            ; --               ;
; OUTPUT_IO_TIMING_NEAR_END_VMEAS      ; Half Vccio                                                                                                                                                 ; --            ; --            ; --               ;
; PARTITION_COLOR                      ; 16764057                                                                                                                                                   ; --            ; Communication ; Top              ;
; PARTITION_FITTER_PRESERVATION_LEVEL  ; PLACEMENT_AND_ROUTING                                                                                                                                      ; --            ; Communication ; Top              ;
; PARTITION_NETLIST_TYPE               ; SOURCE                                                                                                                                                     ; --            ; Communication ; Top              ;
; POWER_BOARD_THERMAL_MODEL            ; None (CONSERVATIVE)                                                                                                                                        ; --            ; --            ; --               ;
; POWER_PRESET_COOLING_SOLUTION        ; 23 MM HEAT SINK WITH 200 LFPM AIRFLOW                                                                                                                      ; --            ; --            ; --               ;
; PROJECT_OUTPUT_DIRECTORY             ; output_files                                                                                                                                               ; --            ; --            ; --               ;
; SLD_FILE                             ; db/stp1_auto_stripped.stp                                                                                                                                  ; --            ; --            ; --               ;
; SLD_NODE_CREATOR_ID                  ; 110                                                                                                                                                        ; --            ; --            ; auto_signaltap_0 ;
; SLD_NODE_ENTITY_NAME                 ; sld_signaltap                                                                                                                                              ; --            ; --            ; auto_signaltap_0 ;
; SLD_NODE_PARAMETER_ASSIGNMENT        ; SLD_NODE_INFO=805334528                                                                                                                                    ; --            ; --            ; auto_signaltap_0 ;
; SLD_NODE_PARAMETER_ASSIGNMENT        ; SLD_POWER_UP_TRIGGER=0                                                                                                                                     ; --            ; --            ; auto_signaltap_0 ;
; SLD_NODE_PARAMETER_ASSIGNMENT        ; SLD_STORAGE_QUALIFIER_INVERSION_MASK_LENGTH=0                                                                                                              ; --            ; --            ; auto_signaltap_0 ;
; SLD_NODE_PARAMETER_ASSIGNMENT        ; SLD_SEGMENT_SIZE=1024                                                                                                                                      ; --            ; --            ; auto_signaltap_0 ;
; SLD_NODE_PARAMETER_ASSIGNMENT        ; SLD_ATTRIBUTE_MEM_MODE=OFF                                                                                                                                 ; --            ; --            ; auto_signaltap_0 ;
; SLD_NODE_PARAMETER_ASSIGNMENT        ; SLD_STATE_FLOW_USE_GENERATED=0                                                                                                                             ; --            ; --            ; auto_signaltap_0 ;
; SLD_NODE_PARAMETER_ASSIGNMENT        ; SLD_STATE_BITS=11                                                                                                                                          ; --            ; --            ; auto_signaltap_0 ;
; SLD_NODE_PARAMETER_ASSIGNMENT        ; SLD_BUFFER_FULL_STOP=1                                                                                                                                     ; --            ; --            ; auto_signaltap_0 ;
; SLD_NODE_PARAMETER_ASSIGNMENT        ; SLD_CURRENT_RESOURCE_WIDTH=1                                                                                                                               ; --            ; --            ; auto_signaltap_0 ;
; SLD_NODE_PARAMETER_ASSIGNMENT        ; SLD_TRIGGER_LEVEL=1                                                                                                                                        ; --            ; --            ; auto_signaltap_0 ;
; SLD_NODE_PARAMETER_ASSIGNMENT        ; SLD_SAMPLE_DEPTH=1024                                                                                                                                      ; --            ; --            ; auto_signaltap_0 ;
; SLD_NODE_PARAMETER_ASSIGNMENT        ; SLD_TRIGGER_IN_ENABLED=0                                                                                                                                   ; --            ; --            ; auto_signaltap_0 ;
; SLD_NODE_PARAMETER_ASSIGNMENT        ; SLD_ADVANCED_TRIGGER_ENTITY=basic,1,                                                                                                                       ; --            ; --            ; auto_signaltap_0 ;
; SLD_NODE_PARAMETER_ASSIGNMENT        ; SLD_TRIGGER_LEVEL_PIPELINE=1                                                                                                                               ; --            ; --            ; auto_signaltap_0 ;
; SLD_NODE_PARAMETER_ASSIGNMENT        ; SLD_ENABLE_ADVANCED_TRIGGER=0                                                                                                                              ; --            ; --            ; auto_signaltap_0 ;
; SLD_NODE_PARAMETER_ASSIGNMENT        ; SLD_RAM_BLOCK_TYPE=M9K                                                                                                                                     ; --            ; --            ; auto_signaltap_0 ;
; SLD_NODE_PARAMETER_ASSIGNMENT        ; SLD_DATA_BITS=37                                                                                                                                           ; --            ; --            ; auto_signaltap_0 ;
; SLD_NODE_PARAMETER_ASSIGNMENT        ; SLD_TRIGGER_BITS=37                                                                                                                                        ; --            ; --            ; auto_signaltap_0 ;
; SLD_NODE_PARAMETER_ASSIGNMENT        ; SLD_INVERSION_MASK=000000000000000000000000000000000000000000000000000000000000000000000000000000000000000000000000000000000000000000000000000000000000000 ; --            ; --            ; auto_signaltap_0 ;
; SLD_NODE_PARAMETER_ASSIGNMENT        ; SLD_INVERSION_MASK_LENGTH=135                                                                                                                              ; --            ; --            ; auto_signaltap_0 ;
; SLD_NODE_PARAMETER_ASSIGNMENT        ; SLD_NODE_CRC_LOWORD=17911                                                                                                                                  ; --            ; --            ; auto_signaltap_0 ;
; SLD_NODE_PARAMETER_ASSIGNMENT        ; SLD_NODE_CRC_HIWORD=62553                                                                                                                                  ; --            ; --            ; auto_signaltap_0 ;
; TOP_LEVEL_ENTITY                     ; Communication                                                                                                                                              ; Controler     ; --            ; --               ;
; USE_SIGNALTAP_FILE                   ; output_files/stp1.stp                                                                                                                                      ; --            ; --            ; --               ;
+--------------------------------------+------------------------------------------------------------------------------------------------------------------------------------------------------------+---------------+---------------+------------------+


+-------------------------------------------------------------------------------------------------------------------------------+
; Flow Elapsed Time                                                                                                             ;
+---------------------------+--------------+-------------------------+---------------------+------------------------------------+
; Module Name               ; Elapsed Time ; Average Processors Used ; Peak Virtual Memory ; Total CPU Time (on all processors) ;
+---------------------------+--------------+-------------------------+---------------------+------------------------------------+
; Analysis & Synthesis      ; 00:00:06     ; 1.0                     ; 4723 MB             ; 00:00:06                           ;
; Fitter                    ; 00:00:07     ; 1.0                     ; 5795 MB             ; 00:00:09                           ;
; Assembler                 ; 00:00:02     ; 1.0                     ; 4592 MB             ; 00:00:01                           ;
; TimeQuest Timing Analyzer ; 00:00:02     ; 8.0                     ; 4742 MB             ; 00:00:02                           ;
; EDA Netlist Writer        ; 00:00:02     ; 1.0                     ; 4561 MB             ; 00:00:02                           ;
; Total                     ; 00:00:19     ; --                      ; --                  ; 00:00:20                           ;
+---------------------------+--------------+-------------------------+---------------------+------------------------------------+


+----------------------------------------------------------------------------------------+
; Flow OS Summary                                                                        ;
+---------------------------+------------------+-----------+------------+----------------+
; Module Name               ; Machine Hostname ; OS Name   ; OS Version ; Processor type ;
+---------------------------+------------------+-----------+------------+----------------+
; Analysis & Synthesis      ; LAPTOP-COH3APQM  ; Windows 7 ; 6.2        ; x86_64         ;
; Fitter                    ; LAPTOP-COH3APQM  ; Windows 7 ; 6.2        ; x86_64         ;
; Assembler                 ; LAPTOP-COH3APQM  ; Windows 7 ; 6.2        ; x86_64         ;
; TimeQuest Timing Analyzer ; LAPTOP-COH3APQM  ; Windows 7 ; 6.2        ; x86_64         ;
; EDA Netlist Writer        ; LAPTOP-COH3APQM  ; Windows 7 ; 6.2        ; x86_64         ;
+---------------------------+------------------+-----------+------------+----------------+


------------
; Flow Log ;
------------
quartus_map --read_settings_files=on --write_settings_files=off Controler -c Controler
quartus_fit --read_settings_files=off --write_settings_files=off Controler -c Controler
quartus_asm --read_settings_files=off --write_settings_files=off Controler -c Controler
quartus_sta Controler -c Controler
quartus_eda --read_settings_files=off --write_settings_files=off Controler -c Controler



