Change Component Designator: Old Designator=C122 New Designator=C?
Change Component Designator: Old Designator=C123 New Designator=C?
Change Component Designator: Old Designator=C124 New Designator=C?
Change Component Designator: Old Designator=C125 New Designator=C?
Change Component Designator: Old Designator=C126 New Designator=C?
Change Component Designator: Old Designator=C127 New Designator=C?
Change Component Designator: Old Designator=C128 New Designator=C?
Change Component Designator: Old Designator=C129 New Designator=C?
Change Component Designator: Old Designator=C130 New Designator=C?
Change Component Designator: Old Designator=C131 New Designator=C?
Change Component Designator: Old Designator=C132 New Designator=C?
Change Component Designator: Old Designator=C133 New Designator=C?
Change Component Designator: Old Designator=D1 New Designator=D?
Change Component Designator: Old Designator=D2 New Designator=D?
Change Component Designator: Old Designator=D3 New Designator=D?
Change Component Designator: Old Designator=D4 New Designator=D?
Change Component Designator: Old Designator=JP11 New Designator=JP?
Change Component Designator: Old Designator=JP12 New Designator=JP?
Change Component Designator: Old Designator=R150 New Designator=R?
Change Component Designator: Old Designator=R151 New Designator=R?
Change Component Designator: Old Designator=R152 New Designator=R?
Change Component Designator: Old Designator=R153 New Designator=R?
Change Component Designator: Old Designator=R154 New Designator=R?
Change Component Designator: Old Designator=R155 New Designator=R?
Change Component Designator: Old Designator=R156 New Designator=R?
Change Component Designator: Old Designator=R157 New Designator=R?
Change Component Designator: Old Designator=R158 New Designator=R?
Change Component Designator: Old Designator=R159 New Designator=R?
Change Component Designator: Old Designator=R160 New Designator=R?
Change Component Designator: Old Designator=R161 New Designator=R?
Change Component Designator: Old Designator=R162 New Designator=R?
Change Component Designator: Old Designator=U18 New Designator=U?
Change Component Designator: Old Designator=U19 New Designator=U?
