Removed Pin From Net: NetName=PWM_WIDTH_4+ Pin=JP14-1
Removed Pin From Net: NetName=PWM_WIDTH_4- Pin=JP14-2
Removed Pin From Net: NetName=PWM_WIDTH_5+ Pin=JP14-3
Removed Pin From Net: NetName=PWM_WIDTH_5- Pin=JP14-4
Removed Pin From Net: NetName=PWM_WIDTH_6+ Pin=JP14-5
Removed Pin From Net: NetName=PWM_WIDTH_6- Pin=JP14-6
Change component parameters: Designator = "JP24"; Footprint = "KF128-3.81-3P"; UniqueID = "\VNKTZRER"
Change component parameters. Clean all parameters for all variants
Change component parameters (AddParameter): Name = "BOM名称"; Value = "3P接插件"; VariantName = "[No Variations]"
Change component parameters (AddParameter): Name = "学习资源"; Value = "www.ooocke.com"; VariantName = "[No Variations]"
Change component parameters (AddParameter): Name = "版权归属"; Value = "源创客"; VariantName = "[No Variations]"
Change component parameters: Designator = "JP27"; Footprint = "KF128-3.81-2P"; UniqueID = "\ZTBFVCFM"
Change component parameters. Clean all parameters for all variants
Change component parameters (AddParameter): Name = "BOM名称"; Value = "2P接插件"; VariantName = "[No Variations]"
Change component parameters (AddParameter): Name = "学习资源"; Value = "www.ooocke.com"; VariantName = "[No Variations]"
Change component parameters (AddParameter): Name = "版权归属"; Value = "源创客"; VariantName = "[No Variations]"
Change component parameters: Designator = "S1"; Footprint = "SK-22D02"; UniqueID = "\NTFGVIGW"
Change component parameters. Clean all parameters for all variants
Change component parameters (AddParameter): Name = "BOM名称"; Value = "波动开关"; VariantName = "[No Variations]"
Change component parameters (AddParameter): Name = "学习资源"; Value = "www.ooocke.com"; VariantName = "[No Variations]"
Change component parameters (AddParameter): Name = "版权归属"; Value = "源创客"; VariantName = "[No Variations]"
Change component parameters: Designator = "S2"; Footprint = "SK-22D02"; UniqueID = "\VEKUHZTA"
Change component parameters. Clean all parameters for all variants
Change component parameters (AddParameter): Name = "BOM名称"; Value = "波动开关"; VariantName = "[No Variations]"
Change component parameters (AddParameter): Name = "学习资源"; Value = "www.ooocke.com"; VariantName = "[No Variations]"
Change component parameters (AddParameter): Name = "版权归属"; Value = "源创客"; VariantName = "[No Variations]"
Added Pin To Net: NetName=PWM_WIDTH_4- Pin=JP14-1
Added Pin To Net: NetName=PWM_WIDTH_4+ Pin=JP14-2
Added Pin To Net: NetName=PWM_WIDTH_5- Pin=JP14-3
Added Pin To Net: NetName=PWM_WIDTH_5+ Pin=JP14-4
Added Pin To Net: NetName=PWM_WIDTH_6- Pin=JP14-5
Added Pin To Net: NetName=PWM_WIDTH_6+ Pin=JP14-6
Added Member To Class: ClassName=Power Member=Component U33 REF02_D_8
