Added Pin To Net: NetName=DGND Pin=C192-1
Added Pin To Net: NetName=+5V Pin=C192-2
Added Pin To Net: NetName=DGND Pin=C193-1
Added Pin To Net: NetName=+3.3V Pin=C193-2
Added Pin To Net: NetName=En5_B_P Pin=C196-2
Added Pin To Net: NetName=DGND Pin=C198-1
Added Pin To Net: NetName=En5_Z_P Pin=C198-2
Added Pin To Net: NetName=DGND Pin=C203-1
Added Pin To Net: NetName=En6_A_P Pin=C203-2
Added Pin To Net: NetName=DGND Pin=C206-1
Added Pin To Net: NetName=En6_B_N Pin=C206-2
Added Pin To Net: NetName=En6_Z_P Pin=C207-2
Added Pin To Net: NetName=DGND Pin=C141-1
Added Pin To Net: NetName=+5V Pin=C141-2
Added Pin To Net: NetName=DGND Pin=C144-1
Added Pin To Net: NetName=+3.3V Pin=C144-2
Added Pin To Net: NetName=DGND Pin=C145-1
Added Pin To Net: NetName=DGND Pin=C146-1
Added Pin To Net: NetName=DGND Pin=C147-1
Added Pin To Net: NetName=DGND Pin=C148-1
Added Pin To Net: NetName=DGND Pin=C149-1
Added Pin To Net: NetName=DGND Pin=C188-1
Added Pin To Net: NetName=+5V Pin=R120-1
Added Pin To Net: NetName=DGND Pin=R120-2
Added Pin To Net: NetName=+3.3V Pin=R121-1
Added Pin To Net: NetName=DGND Pin=R121-2
Added Pin To Net: NetName=+5V Pin=C194-1
Added Pin To Net: NetName=DGND Pin=C194-2
Added Pin To Net: NetName=DGND Pin=C195-1
Added Pin To Net: NetName=+5V Pin=C195-2
Added Pin To Net: NetName=DGND Pin=U15-1
Added Pin To Net: NetName=+5V Pin=U15-2
Added Pin To Net: NetName=+5V Pin=C198-1
Added Pin To Net: NetName=DGND Pin=C198-2
Added Pin To Net: NetName=DGND Pin=C199-1
Added Pin To Net: NetName=DGND Pin=C200-1
Added Pin To Net: NetName=DGND Pin=C201-1
Added Pin To Net: NetName=+5V Pin=C201-2
Added Pin To Net: NetName=DGND Pin=C202-1
Added Pin To Net: NetName=+5V Pin=C203-1
Added Pin To Net: NetName=DGND Pin=C203-2
Added Pin To Net: NetName=DGND Pin=C204-1
Added Pin To Net: NetName=DGND Pin=C205-1
Added Pin To Net: NetName=+5V Pin=C206-1
Added Pin To Net: NetName=DGND Pin=C206-2
Added Pin To Net: NetName=DGND Pin=C207-1
Added Pin To Net: NetName=+5V Pin=C207-2
Added Pin To Net: NetName=DGND Pin=C208-1
Added Pin To Net: NetName=+5V Pin=C209-1
Added Pin To Net: NetName=DGND Pin=C209-2
Added Pin To Net: NetName=NetJP12_1 Pin=JP12-1
Added Pin To Net: NetName=NetJP12_2 Pin=JP12-2
Added Pin To Net: NetName=+5V Pin=JP40-1
Added Pin To Net: NetName=DGND Pin=JP40-2
Added Pin To Net: NetName=+5V Pin=JP41-1
Added Pin To Net: NetName=DGND Pin=JP41-2
Added Pin To Net: NetName=Enconder05_B+ Pin=L33-1
Added Pin To Net: NetName=Enconder05_B- Pin=L33-2
Added Pin To Net: NetName=NetL33_1 Pin=L33-1
Added Pin To Net: NetName=+3.3V Pin=L33-2
Added Pin To Net: NetName=DGND Pin=P15-1
Added Pin To Net: NetName=+3.3V Pin=P15-23
Added Pin To Net: NetName=+5V Pin=P15-40
Added Pin To Net: NetName=NetL23_4 Pin=R328-1
Added Pin To Net: NetName=En5_A_P Pin=R328-2
Added Pin To Net: NetName=En5_A_P Pin=R329-1
Added Pin To Net: NetName=+5V Pin=R329-2
Added Pin To Net: NetName=En5_A_N Pin=R330-1
Added Pin To Net: NetName=+5V Pin=R330-2
Added Pin To Net: NetName=+5V Pin=R293-2
Added Pin To Net: NetName=+5V Pin=R294-2
Added Pin To Net: NetName=+5V Pin=R328-1
Added Pin To Net: NetName=NetR328_2 Pin=R328-2
Added Pin To Net: NetName=AGND Pin=R329-1
Added Pin To Net: NetName=DGND Pin=R329-2
Added Pin To Net: NetName=NetR330_1 Pin=R330-1
Added Pin To Net: NetName=DGND Pin=R330-2
Added Pin To Net: NetName=+5V Pin=R331-2
Added Pin To Net: NetName=+5V Pin=R332-2
Added Pin To Net: NetName=+5V Pin=R333-2
Added Pin To Net: NetName=+5V Pin=R334-2
Added Pin To Net: NetName=+5V Pin=R344-2
Added Pin To Net: NetName=+5V Pin=R345-2
Added Pin To Net: NetName=+5V Pin=R346-2
Added Pin To Net: NetName=+5V Pin=R347-2
Added Pin To Net: NetName=+5V Pin=R348-2
Added Pin To Net: NetName=+5V Pin=R349-2
Added Pin To Net: NetName=+5V Pin=U52-1
Added Pin To Net: NetName=DGND Pin=U52-2
Added Pin To Net: NetName=NetU14_3 Pin=U52-3
Added Pin To Net: NetName=NetU14_4 Pin=U52-4
Added Pin To Net: NetName=NetU14_5 Pin=U52-5
Added Pin To Net: NetName=DGND Pin=U52-9
Added Pin To Net: NetName=DGND Pin=U52-10
Added Pin To Net: NetName=F_Enconder05_Z Pin=U52-12
Added Pin To Net: NetName=F_Enconder05_B Pin=U52-13
Added Pin To Net: NetName=F_Enconder05_A Pin=U52-14
Added Pin To Net: NetName=DGND Pin=U52-15
Added Pin To Net: NetName=+3.3V Pin=U52-16
Added Pin To Net: NetName=En5_A_N Pin=U53-1
Added Pin To Net: NetName=En5_A_P Pin=U53-2
Added Pin To Net: NetName=NetU14_3 Pin=U53-3
Added Pin To Net: NetName=NetU14_4 Pin=U53-5
Added Pin To Net: NetName=En5_B_P Pin=U53-6
Added Pin To Net: NetName=En5_B_N Pin=U53-7
Added Pin To Net: NetName=En5_Z_N Pin=U53-9
Added Pin To Net: NetName=En5_Z_P Pin=U53-10
Added Pin To Net: NetName=NetU14_5 Pin=U53-11
Added Pin To Net: NetName=+5V Pin=U32-1
Added Pin To Net: NetName=DGND Pin=U32-2
Added Pin To Net: NetName=DGND Pin=U32-8
Added Pin To Net: NetName=DGND Pin=U32-9
Added Pin To Net: NetName=DGND Pin=U32-10
Added Pin To Net: NetName=DGND Pin=U32-15
Added Pin To Net: NetName=+3.3V Pin=U32-16
Added Pin To Net: NetName=+5V Pin=U49-4
Added Pin To Net: NetName=DGND Pin=U49-8
Added Pin To Net: NetName=DGND Pin=U49-12
Added Pin To Net: NetName=+5V Pin=U49-16
Added Pin To Net: NetName=PWM_WIDTH_OUT_1 Pin=U52-1
Added Pin To Net: NetName=PWM_WIDTH_1+ Pin=U52-2
Added Pin To Net: NetName=PWM_WIDTH_1- Pin=U52-3
Added Pin To Net: NetName=+5V Pin=U52-4
Added Pin To Net: NetName=PWM_WIDTH_2- Pin=U52-5
Added Pin To Net: NetName=PWM_WIDTH_2+ Pin=U52-6
Added Pin To Net: NetName=PWM_WIDTH_OUT_2 Pin=U52-7
Added Pin To Net: NetName=DGND Pin=U52-8
Added Pin To Net: NetName=PWM_WIDTH_OUT_3 Pin=U52-9
Added Pin To Net: NetName=PWM_WIDTH_3+ Pin=U52-10
Added Pin To Net: NetName=PWM_WIDTH_3- Pin=U52-11
Added Pin To Net: NetName=DGND Pin=U52-12
Added Pin To Net: NetName=+5V Pin=U52-16
Added Pin To Net: NetName=PWM_WIDTH_OUT_4 Pin=U53-1
Added Pin To Net: NetName=PWM_WIDTH_4+ Pin=U53-2
Added Pin To Net: NetName=PWM_WIDTH_4- Pin=U53-3
Added Pin To Net: NetName=+5V Pin=U53-4
Added Pin To Net: NetName=PWM_WIDTH_5- Pin=U53-5
Added Pin To Net: NetName=PWM_WIDTH_5+ Pin=U53-6
Added Pin To Net: NetName=PWM_WIDTH_OUT_5 Pin=U53-7
Added Pin To Net: NetName=DGND Pin=U53-8
Added Pin To Net: NetName=PWM_WIDTH_OUT_6 Pin=U53-9
Added Pin To Net: NetName=PWM_WIDTH_6+ Pin=U53-10
Added Pin To Net: NetName=PWM_WIDTH_6- Pin=U53-11
Added Pin To Net: NetName=DGND Pin=U53-12
Added Pin To Net: NetName=+5V Pin=U53-16
Added Pin To Net: NetName=+5V Pin=U54-1
Added Pin To Net: NetName=DGND Pin=U54-2
Added Pin To Net: NetName=DGND Pin=U54-8
Added Pin To Net: NetName=DGND Pin=U54-9
Added Pin To Net: NetName=DGND Pin=U54-10
Added Pin To Net: NetName=DGND Pin=U54-15
Added Pin To Net: NetName=+3.3V Pin=U54-16
Added Pin To Net: NetName=+5V Pin=U55-4
Added Pin To Net: NetName=DGND Pin=U55-8
Added Pin To Net: NetName=DGND Pin=U55-12
Added Pin To Net: NetName=+5V Pin=U55-16
PCB-ECO: Change Pad Pin/Pkg Length: Old=0mil New=787.402mil
