Removed Pin From Net: NetName=PWM_PULSE_OUT_4 Pin=U50-1
Removed Pin From Net: NetName=PWM_PULSE_OUT_5 Pin=U50-7
Removed Pin From Net: NetName=PWM_PULSE_OUT_6 Pin=U50-9
Removed Pin From Net: NetName=PWM_PULSE_OUT_1 Pin=U51-1
Removed Pin From Net: NetName=PWM_PULSE_OUT_2 Pin=U51-7
Removed Pin From Net: NetName=PWM_PULSE_OUT_3 Pin=U51-9
Removed Pin From Net: NetName=PWM_WIDTH_OUT_1 Pin=U52-1
Added Component: Designator=C141(1608[0603])
Add component. Clean all parameters for all variants
Add component (AddParameter): Name = "LatestRevisionDate"; Value = "17-Jul-2002"; VariantName = "[No Variations]"
Add component (AddParameter): Name = "LatestRevisionNote"; Value = "Re-released for DXP Platform."; VariantName = "[No Variations]"
Add component (AddParameter): Name = "PackageDescription"; Value = "Radial Cap, Thru-Hole; 2 Leads; 0.3 in Pin Spacing"; VariantName = "[No Variations]"
Add component (AddParameter): Name = "PackageReference"; Value = "RAD-0.3"; VariantName = "[No Variations]"
Add component (AddParameter): Name = "Published"; Value = "8-Jun-2000"; VariantName = "[No Variations]"
Add component (AddParameter): Name = "Publisher"; Value = "Altium Limited"; VariantName = "[No Variations]"
Add component (AddParameter): Name = "Value"; Value = "0.1uF"; VariantName = "[No Variations]"
Added Component: Designator=U32(CD74HC14_SOIC)
Add component. Clean all parameters for all variants
Add component (AddParameter): Name = "Datasheet_URL"; Value = "http://www.ti.com/lit/gpn/CD74HC14"; VariantName = "[No Variations]"
Add component (AddParameter): Name = "FAMILY_NAME"; Value = "INVERTING BUFFER/DRIVER"; VariantName = "[No Variations]"
Add component (AddParameter): Name = "GENERIC_PART_NUMBER"; Value = "CD74HC14"; VariantName = "[No Variations]"
Add component (AddParameter): Name = "INDUSTRY_STD_PKG_TYPE"; Value = "SOIC"; VariantName = "[No Variations]"
Add component (AddParameter): Name = "Manufacturer"; Value = "Texas Instruments"; VariantName = "[No Variations]"
Add component (AddParameter): Name = "PACKAGE_DESIGNATOR"; Value = "D"; VariantName = "[No Variations]"
Add component (AddParameter): Name = "PIN_COUNT"; Value = "14"; VariantName = "[No Variations]"
Add component (AddParameter): Name = "RefDes"; Value = "RefDes"; VariantName = "[No Variations]"
Add component (AddParameter): Name = "Type"; Value = "Type"; VariantName = "[No Variations]"
Add component (AddParameter): Name = "Value"; Value = "Value"; VariantName = "[No Variations]"
Added Pin To Net: NetName=DGND Pin=C141-1
Added Pin To Net: NetName=+5V Pin=C141-2
Added Pin To Net: NetName=NetU32_4 Pin=U32-4
Added Pin To Net: NetName=PWM_PULSE_OUT_3 Pin=U32-5
Added Pin To Net: NetName=DGND Pin=U32-7
Added Pin To Net: NetName=PWM_PULSE_OUT_4 Pin=U32-9
Added Pin To Net: NetName=PWM_PULSE_OUT_5 Pin=U32-11
Added Pin To Net: NetName=PWM_PULSE_OUT_6 Pin=U32-13
Added Pin To Net: NetName=+5V Pin=U32-14
Added Pin To Net: NetName=NetU32_2 Pin=U32-2
Added Pin To Net: NetName=NetU32_2 Pin=U51-1
Added Net: Name=NetU32_2
Added Pin To Net: NetName=NetU32_6 Pin=U32-6
Added Pin To Net: NetName=NetU32_6 Pin=U51-9
Added Net: Name=NetU32_6
Added Pin To Net: NetName=NetU32_8 Pin=U32-8
Added Pin To Net: NetName=NetU32_8 Pin=U50-1
Added Net: Name=NetU32_8
Added Pin To Net: NetName=NetU32_10 Pin=U32-10
Added Pin To Net: NetName=NetU32_10 Pin=U50-7
Added Net: Name=NetU32_10
Added Pin To Net: NetName=NetU32_12 Pin=U32-12
Added Pin To Net: NetName=NetU32_12 Pin=U50-9
Added Net: Name=NetU32_12
Added Member To Class: ClassName=PWM_PULSE Member=Component C141 Cap
Added Member To Class: ClassName=PWM_PULSE Member=Component U32 CD74HC14
